;===========================
; * VERSION -I- *
;  "Wow! It works!"
;   - included base controls and field
;   - all 16 bit logics converted to 32 bit
;   - winapi & opengl configured
;   * 1.1 *
;   - finally added lines destruction
;   - fixed color pallette
;   - fixed controls
;   - pause, restart added
;   - figure projection fixed
;   - pause ('P' key) & restart ('R' key) added
;   * 1.2 *
;   - fixed bug with collision and random crashes while playing
;   - added score save in "settings.txt"
;   - added game speed up when playing a while
;   - tests with letter
; * VERSION -II- *
;  "Text support included"
;   - text with score finnally added
;   - tests with line destruction animation started
;   * 2.1 *
;   - Text now resizes when window changes size as blocks
;   - animation of line destruction added
;   * 2.2 *
;   - now color pallette same as was in DOS version 13h mode
;   - fixed endgame problem with overlapping figures
;   - increased glow time & size
; * VERSION -III- *
;  "Music!"
;  - Own music format player added
;  - .amid -- midi messages file (included to .exe)
;  - font changed
;   * 3.1 *
;   - with small changes in algorithm and no change in music file size (but now unused zero byte in short midi message is used for delay to next note)
;   * 3.2 *
;   - Added game over sound effect
;   - color of preview figure became darker
;   - added game over and pause text
;   - fixed fonts
;   * 3.3 *
;  - HOLD feature added: once per figure you can swap current figure with a figure in buffer. If buffer is empty you'll immediatly get next figure.
;  - removed unused variables (memory reorganization)
;   * 3.4 *
;  - some minor optimizations
;  - now figs spawn at negative Y, this makes game field 2 lines larger
;  - music file redused almost twice in size
;   * 3.5 (Also known as 8kB version)*
;   - tetris_SEx.amid -- tetris super extended music file. (1 byte per note).
;   - music file trough some manipulations with bytes shrinked from 1,71 kb to less than 1 kb. Of course quality is also lower, but size is now pretty beatiful
;   - data section moved to code section to reduce num of wasted bytes
; * VERSION -IV- *
;  "Leaderboard update"
;   - now with CTRL key holded you can press 8 letter keys to create new user to play
;   - unnesesary includes from opengl removed
;   - small fixes
;   - LB created (max 16) rcds
;   * 4.1 *
;   - LB became sorted
;   - text draw bug fixed
;   * 4.2 *
;   - game special added
;   * 4.3 *
;   - restart special added (game special)
;   - game special fixed
;   (!THIS VERSION WERE DISTRIBUTED AS OFFICIAL IN DECEMBER 2020. IT IS OUTDATED NOW! (but .ttr file READ only still supported))
;   (NEW VERSIONS DOESNT SUPPORT OLD .ttr FORMAT!)
;   * 4.4 *
;   - LB display bug fixed
;   - LB expanded to "infinite"
;   * 4.5 *
;   - .exe file size reduced to 10 kB (from 11 kB) (due to memory reorganization)
;   * 4.6 *
;   - added max score protection
;   - added music toggle on M key
;   - old score format is now unsupported (contact developer for additional info)
;   * 4.7 *
;   - fig draw bug fixed
;   - ttr file format changed (now it holds full game state)
;   - rotations fixed
;   - random fixed: now generates figures by a bag which has all unique 7 figures in random order
;   - added a game version control dword with general info about version
;   - added soft drop on SHIFT key
;   * 4.8 *
;   - added music volume control, '[' key is to decrease volume, ']' key is to increase volume
;   * 4.9 *
;   - memory reorganization (got additional 512 b)
;   - added .ttr.tmp files
;   --> CURRENT VERSION
; <PLANNED>
; * VERSION -V- *
;   "Settings screen update"
;   - add settings screen with all game settings to change
;   - and info about .exe file
;   - add settings save
;   - add game save & load to file
; * VERSION -VI- *
;   "Network update"
;   - add LB synhronization with server
;   - add multiplayer game
;   - add cloud gaming  